  [1m[36m (1.2ms)[0m  [1mCREATE TABLE "schema_migrations" ("version" varchar(255) NOT NULL) [0m
  [1m[35m (0.9ms)[0m  CREATE UNIQUE INDEX "unique_schema_migrations" ON "schema_migrations" ("version")
  [1m[36mActiveRecord::SchemaMigration Load (0.2ms)[0m  [1mSELECT "schema_migrations".* FROM "schema_migrations"[0m
Migrating to CreateUsers (20140108210056)
  [1m[35m (0.1ms)[0m  begin transaction
  [1m[36m (0.4ms)[0m  [1mCREATE TABLE "users" ("id" INTEGER PRIMARY KEY AUTOINCREMENT NOT NULL, "name" varchar(255), "email" varchar(255), "password" varchar(255), "last_login" datetime, "created_at" datetime, "updated_at" datetime) [0m
  [1m[35mSQL (0.3ms)[0m  INSERT INTO "schema_migrations" ("version") VALUES (?)  [["version", "20140108210056"]]
  [1m[36m (0.7ms)[0m  [1mcommit transaction[0m
  [1m[35mActiveRecord::SchemaMigration Load (0.1ms)[0m  SELECT "schema_migrations".* FROM "schema_migrations"


Started GET "/" for 127.0.0.1 at 2014-01-08 15:03:31 -0600
  [1m[36mActiveRecord::SchemaMigration Load (0.1ms)[0m  [1mSELECT "schema_migrations".* FROM "schema_migrations"[0m
Processing by Rails::WelcomeController#index as HTML
  Rendered /Users/asriram/.rvm/gems/ruby-2.0.0-p353@railstutorial_rails_4_0/gems/railties-4.0.2/lib/rails/templates/rails/welcome/index.html.erb (1.4ms)
Completed 200 OK in 9ms (Views: 8.3ms | ActiveRecord: 0.0ms)


Started GET "/" for 127.0.0.1 at 2014-01-08 15:03:33 -0600
Processing by Rails::WelcomeController#index as HTML
  Rendered /Users/asriram/.rvm/gems/ruby-2.0.0-p353@railstutorial_rails_4_0/gems/railties-4.0.2/lib/rails/templates/rails/welcome/index.html.erb (0.1ms)
Completed 200 OK in 2ms (Views: 1.7ms | ActiveRecord: 0.0ms)


Started GET "/users" for 127.0.0.1 at 2014-01-08 15:03:47 -0600
Processing by UsersController#index as HTML
  [1m[35mUser Load (0.2ms)[0m  SELECT "users".* FROM "users"
  Rendered users/index.html.erb within layouts/application (2.1ms)
Completed 200 OK in 509ms (Views: 506.2ms | ActiveRecord: 0.2ms)


Started GET "/assets/application.css?body=1" for 127.0.0.1 at 2014-01-08 15:03:47 -0600


Started GET "/assets/scaffolds.css?body=1" for 127.0.0.1 at 2014-01-08 15:03:47 -0600


Started GET "/assets/jquery_ujs.js?body=1" for 127.0.0.1 at 2014-01-08 15:03:47 -0600


Started GET "/assets/users.css?body=1" for 127.0.0.1 at 2014-01-08 15:03:47 -0600


Started GET "/assets/jquery.js?body=1" for 127.0.0.1 at 2014-01-08 15:03:47 -0600


Started GET "/assets/turbolinks.js?body=1" for 127.0.0.1 at 2014-01-08 15:03:47 -0600


Started GET "/assets/users.js?body=1" for 127.0.0.1 at 2014-01-08 15:03:47 -0600


Started GET "/assets/application.js?body=1" for 127.0.0.1 at 2014-01-08 15:03:47 -0600


Started GET "/users/new" for 127.0.0.1 at 2014-01-08 15:03:50 -0600
Processing by UsersController#new as HTML
  Rendered users/_form.html.erb (24.7ms)
  Rendered users/new.html.erb within layouts/application (27.6ms)
Completed 200 OK in 34ms (Views: 31.9ms | ActiveRecord: 0.4ms)


Started GET "/assets/scaffolds.css?body=1" for 127.0.0.1 at 2014-01-08 15:03:50 -0600


Started GET "/assets/users.css?body=1" for 127.0.0.1 at 2014-01-08 15:03:50 -0600


Started GET "/assets/application.css?body=1" for 127.0.0.1 at 2014-01-08 15:03:50 -0600


Started GET "/assets/jquery_ujs.js?body=1" for 127.0.0.1 at 2014-01-08 15:03:50 -0600


Started GET "/assets/turbolinks.js?body=1" for 127.0.0.1 at 2014-01-08 15:03:50 -0600


Started GET "/assets/users.js?body=1" for 127.0.0.1 at 2014-01-08 15:03:50 -0600


Started GET "/assets/jquery.js?body=1" for 127.0.0.1 at 2014-01-08 15:03:50 -0600


Started GET "/assets/application.js?body=1" for 127.0.0.1 at 2014-01-08 15:03:50 -0600


Started POST "/users" for 127.0.0.1 at 2014-01-08 15:04:26 -0600
Processing by UsersController#create as HTML
  Parameters: {"utf8"=>"✓", "authenticity_token"=>"vPmgzhKa79IMGkkuLPYv6rGyJypjsrhvh+Jj78n5qBs=", "user"=>{"name"=>"solostyle", "email"=>"spam@solostyle.net", "password"=>"[FILTERED]", "last_login(1i)"=>"2014", "last_login(2i)"=>"1", "last_login(3i)"=>"8", "last_login(4i)"=>"15", "last_login(5i)"=>"03"}, "commit"=>"Create User"}
  [1m[36m (0.1ms)[0m  [1mbegin transaction[0m
  [1m[35mSQL (2.7ms)[0m  INSERT INTO "users" ("created_at", "email", "last_login", "name", "password", "updated_at") VALUES (?, ?, ?, ?, ?, ?)  [["created_at", Wed, 08 Jan 2014 21:04:26 UTC +00:00], ["email", "spam@solostyle.net"], ["last_login", Wed, 08 Jan 2014 15:03:00 UTC +00:00], ["name", "solostyle"], ["password", "remember"], ["updated_at", Wed, 08 Jan 2014 21:04:26 UTC +00:00]]
  [1m[36m (0.8ms)[0m  [1mcommit transaction[0m
Redirected to http://localhost:3000/users/1
Completed 302 Found in 9ms (ActiveRecord: 3.6ms)


Started GET "/users/1" for 127.0.0.1 at 2014-01-08 15:04:26 -0600
Processing by UsersController#show as HTML
  Parameters: {"id"=>"1"}
  [1m[35mUser Load (0.2ms)[0m  SELECT "users".* FROM "users" WHERE "users"."id" = ? LIMIT 1  [["id", "1"]]
  Rendered users/show.html.erb within layouts/application (1.3ms)
Completed 200 OK in 9ms (Views: 6.2ms | ActiveRecord: 0.2ms)


Started GET "/assets/application.css?body=1" for 127.0.0.1 at 2014-01-08 15:04:26 -0600


Started GET "/assets/scaffolds.css?body=1" for 127.0.0.1 at 2014-01-08 15:04:26 -0600


Started GET "/assets/jquery.js?body=1" for 127.0.0.1 at 2014-01-08 15:04:26 -0600


Started GET "/assets/users.css?body=1" for 127.0.0.1 at 2014-01-08 15:04:26 -0600


Started GET "/assets/application.js?body=1" for 127.0.0.1 at 2014-01-08 15:04:26 -0600


Started GET "/assets/jquery_ujs.js?body=1" for 127.0.0.1 at 2014-01-08 15:04:26 -0600


Started GET "/assets/turbolinks.js?body=1" for 127.0.0.1 at 2014-01-08 15:04:26 -0600


Started GET "/assets/users.js?body=1" for 127.0.0.1 at 2014-01-08 15:04:26 -0600


Started GET "/users" for 127.0.0.1 at 2014-01-08 15:04:29 -0600
Processing by UsersController#index as HTML
  [1m[36mUser Load (0.2ms)[0m  [1mSELECT "users".* FROM "users"[0m
  Rendered users/index.html.erb within layouts/application (1.9ms)
Completed 200 OK in 7ms (Views: 6.5ms | ActiveRecord: 0.2ms)


Started GET "/assets/application.css?body=1" for 127.0.0.1 at 2014-01-08 15:04:29 -0600


Started GET "/assets/users.css?body=1" for 127.0.0.1 at 2014-01-08 15:04:29 -0600


Started GET "/assets/scaffolds.css?body=1" for 127.0.0.1 at 2014-01-08 15:04:29 -0600


Started GET "/assets/turbolinks.js?body=1" for 127.0.0.1 at 2014-01-08 15:04:29 -0600


Started GET "/assets/jquery_ujs.js?body=1" for 127.0.0.1 at 2014-01-08 15:04:29 -0600


Started GET "/assets/jquery.js?body=1" for 127.0.0.1 at 2014-01-08 15:04:29 -0600


Started GET "/assets/users.js?body=1" for 127.0.0.1 at 2014-01-08 15:04:29 -0600


Started GET "/assets/application.js?body=1" for 127.0.0.1 at 2014-01-08 15:04:29 -0600


Started GET "/users/1" for 127.0.0.1 at 2014-01-08 15:04:32 -0600
Processing by UsersController#show as HTML
  Parameters: {"id"=>"1"}
  [1m[35mUser Load (0.1ms)[0m  SELECT "users".* FROM "users" WHERE "users"."id" = ? LIMIT 1  [["id", "1"]]
  Rendered users/show.html.erb within layouts/application (0.6ms)
Completed 200 OK in 5ms (Views: 4.1ms | ActiveRecord: 0.1ms)


Started GET "/assets/scaffolds.css?body=1" for 127.0.0.1 at 2014-01-08 15:04:32 -0600


Started GET "/assets/users.css?body=1" for 127.0.0.1 at 2014-01-08 15:04:32 -0600


Started GET "/assets/application.css?body=1" for 127.0.0.1 at 2014-01-08 15:04:32 -0600


Started GET "/assets/jquery.js?body=1" for 127.0.0.1 at 2014-01-08 15:04:32 -0600


Started GET "/assets/turbolinks.js?body=1" for 127.0.0.1 at 2014-01-08 15:04:32 -0600


Started GET "/assets/jquery_ujs.js?body=1" for 127.0.0.1 at 2014-01-08 15:04:32 -0600


Started GET "/assets/users.js?body=1" for 127.0.0.1 at 2014-01-08 15:04:32 -0600


Started GET "/assets/application.js?body=1" for 127.0.0.1 at 2014-01-08 15:04:32 -0600


Started GET "/users" for 127.0.0.1 at 2014-01-08 15:04:34 -0600
Processing by UsersController#index as HTML
  [1m[36mUser Load (0.1ms)[0m  [1mSELECT "users".* FROM "users"[0m
  Rendered users/index.html.erb within layouts/application (1.0ms)
Completed 200 OK in 5ms (Views: 4.2ms | ActiveRecord: 0.1ms)


Started GET "/assets/application.css?body=1" for 127.0.0.1 at 2014-01-08 15:04:34 -0600


Started GET "/assets/scaffolds.css?body=1" for 127.0.0.1 at 2014-01-08 15:04:34 -0600


Started GET "/assets/users.css?body=1" for 127.0.0.1 at 2014-01-08 15:04:34 -0600


Started GET "/assets/turbolinks.js?body=1" for 127.0.0.1 at 2014-01-08 15:04:34 -0600


Started GET "/assets/jquery.js?body=1" for 127.0.0.1 at 2014-01-08 15:04:34 -0600


Started GET "/assets/jquery_ujs.js?body=1" for 127.0.0.1 at 2014-01-08 15:04:34 -0600


Started GET "/assets/users.js?body=1" for 127.0.0.1 at 2014-01-08 15:04:34 -0600


Started GET "/assets/application.js?body=1" for 127.0.0.1 at 2014-01-08 15:04:34 -0600


Started DELETE "/users/1" for 127.0.0.1 at 2014-01-08 15:04:42 -0600
Processing by UsersController#destroy as HTML
  Parameters: {"authenticity_token"=>"vPmgzhKa79IMGkkuLPYv6rGyJypjsrhvh+Jj78n5qBs=", "id"=>"1"}
  [1m[35mUser Load (0.2ms)[0m  SELECT "users".* FROM "users" WHERE "users"."id" = ? LIMIT 1  [["id", "1"]]
  [1m[36m (0.1ms)[0m  [1mbegin transaction[0m
  [1m[35mSQL (0.3ms)[0m  DELETE FROM "users" WHERE "users"."id" = ?  [["id", 1]]
  [1m[36m (1.9ms)[0m  [1mcommit transaction[0m
Redirected to http://localhost:3000/users
Completed 302 Found in 6ms (ActiveRecord: 2.6ms)


Started GET "/users" for 127.0.0.1 at 2014-01-08 15:04:42 -0600
Processing by UsersController#index as HTML
  [1m[35mUser Load (0.2ms)[0m  SELECT "users".* FROM "users"
  Rendered users/index.html.erb within layouts/application (1.0ms)
Completed 200 OK in 6ms (Views: 4.9ms | ActiveRecord: 0.2ms)


Started GET "/assets/application.css?body=1" for 127.0.0.1 at 2014-01-08 15:04:42 -0600


Started GET "/assets/scaffolds.css?body=1" for 127.0.0.1 at 2014-01-08 15:04:42 -0600


Started GET "/assets/turbolinks.js?body=1" for 127.0.0.1 at 2014-01-08 15:04:42 -0600


Started GET "/assets/jquery_ujs.js?body=1" for 127.0.0.1 at 2014-01-08 15:04:42 -0600


Started GET "/assets/users.css?body=1" for 127.0.0.1 at 2014-01-08 15:04:42 -0600


Started GET "/assets/jquery.js?body=1" for 127.0.0.1 at 2014-01-08 15:04:42 -0600


Started GET "/assets/users.js?body=1" for 127.0.0.1 at 2014-01-08 15:04:42 -0600


Started GET "/assets/application.js?body=1" for 127.0.0.1 at 2014-01-08 15:04:42 -0600


Started GET "/users/new" for 127.0.0.1 at 2014-01-08 15:04:43 -0600
Processing by UsersController#new as HTML
  Rendered users/_form.html.erb (6.8ms)
  Rendered users/new.html.erb within layouts/application (7.5ms)
Completed 200 OK in 11ms (Views: 10.8ms | ActiveRecord: 0.0ms)


Started GET "/assets/application.css?body=1" for 127.0.0.1 at 2014-01-08 15:04:43 -0600


Started GET "/assets/jquery_ujs.js?body=1" for 127.0.0.1 at 2014-01-08 15:04:43 -0600


Started GET "/assets/scaffolds.css?body=1" for 127.0.0.1 at 2014-01-08 15:04:43 -0600


Started GET "/assets/users.css?body=1" for 127.0.0.1 at 2014-01-08 15:04:43 -0600


Started GET "/assets/jquery.js?body=1" for 127.0.0.1 at 2014-01-08 15:04:43 -0600


Started GET "/assets/turbolinks.js?body=1" for 127.0.0.1 at 2014-01-08 15:04:43 -0600


Started GET "/assets/users.js?body=1" for 127.0.0.1 at 2014-01-08 15:04:43 -0600


Started GET "/assets/application.js?body=1" for 127.0.0.1 at 2014-01-08 15:04:43 -0600


Started POST "/users" for 127.0.0.1 at 2014-01-08 15:05:11 -0600
Processing by UsersController#create as HTML
  Parameters: {"utf8"=>"✓", "authenticity_token"=>"vPmgzhKa79IMGkkuLPYv6rGyJypjsrhvh+Jj78n5qBs=", "user"=>{"name"=>"solostyle", "email"=>"spam@solostyle.net", "password"=>"[FILTERED]", "last_login(1i)"=>"2014", "last_login(2i)"=>"1", "last_login(3i)"=>"8", "last_login(4i)"=>"15", "last_login(5i)"=>"05"}, "commit"=>"Create User"}
  [1m[36m (0.1ms)[0m  [1mbegin transaction[0m
  [1m[35mSQL (0.4ms)[0m  INSERT INTO "users" ("created_at", "email", "last_login", "name", "password", "updated_at") VALUES (?, ?, ?, ?, ?, ?)  [["created_at", Wed, 08 Jan 2014 21:05:11 UTC +00:00], ["email", "spam@solostyle.net"], ["last_login", Wed, 08 Jan 2014 15:05:00 UTC +00:00], ["name", "solostyle"], ["password", "remember"], ["updated_at", Wed, 08 Jan 2014 21:05:11 UTC +00:00]]
  [1m[36m (0.6ms)[0m  [1mcommit transaction[0m
Redirected to http://localhost:3000/users/2
Completed 302 Found in 4ms (ActiveRecord: 1.1ms)


Started GET "/users/2" for 127.0.0.1 at 2014-01-08 15:05:11 -0600
Processing by UsersController#show as HTML
  Parameters: {"id"=>"2"}
  [1m[35mUser Load (0.1ms)[0m  SELECT "users".* FROM "users" WHERE "users"."id" = ? LIMIT 1  [["id", "2"]]
  Rendered users/show.html.erb within layouts/application (0.6ms)
Completed 200 OK in 5ms (Views: 4.0ms | ActiveRecord: 0.1ms)


Started GET "/assets/application.css?body=1" for 127.0.0.1 at 2014-01-08 15:05:11 -0600


Started GET "/assets/scaffolds.css?body=1" for 127.0.0.1 at 2014-01-08 15:05:11 -0600


Started GET "/assets/users.css?body=1" for 127.0.0.1 at 2014-01-08 15:05:11 -0600


Started GET "/assets/jquery_ujs.js?body=1" for 127.0.0.1 at 2014-01-08 15:05:11 -0600


Started GET "/assets/turbolinks.js?body=1" for 127.0.0.1 at 2014-01-08 15:05:11 -0600


Started GET "/assets/users.js?body=1" for 127.0.0.1 at 2014-01-08 15:05:11 -0600


Started GET "/assets/jquery.js?body=1" for 127.0.0.1 at 2014-01-08 15:05:11 -0600


Started GET "/assets/application.js?body=1" for 127.0.0.1 at 2014-01-08 15:05:11 -0600


Started GET "/users" for 127.0.0.1 at 2014-01-08 15:05:14 -0600
Processing by UsersController#index as HTML
  [1m[36mUser Load (0.1ms)[0m  [1mSELECT "users".* FROM "users"[0m
  Rendered users/index.html.erb within layouts/application (1.1ms)
Completed 200 OK in 5ms (Views: 4.5ms | ActiveRecord: 0.1ms)


Started GET "/assets/application.css?body=1" for 127.0.0.1 at 2014-01-08 15:05:14 -0600


Started GET "/assets/jquery_ujs.js?body=1" for 127.0.0.1 at 2014-01-08 15:05:14 -0600


Started GET "/assets/scaffolds.css?body=1" for 127.0.0.1 at 2014-01-08 15:05:14 -0600


Started GET "/assets/jquery.js?body=1" for 127.0.0.1 at 2014-01-08 15:05:14 -0600


Started GET "/assets/users.css?body=1" for 127.0.0.1 at 2014-01-08 15:05:14 -0600


Started GET "/assets/turbolinks.js?body=1" for 127.0.0.1 at 2014-01-08 15:05:14 -0600


Started GET "/assets/users.js?body=1" for 127.0.0.1 at 2014-01-08 15:05:14 -0600


Started GET "/assets/application.js?body=1" for 127.0.0.1 at 2014-01-08 15:05:14 -0600


Started GET "/" for 127.0.0.1 at 2014-07-30 07:14:46 -0600
  [1m[36mActiveRecord::SchemaMigration Load (0.1ms)[0m  [1mSELECT "schema_migrations".* FROM "schema_migrations"[0m
Processing by Rails::WelcomeController#index as HTML
  Rendered /Users/asriram/.rvm/gems/ruby-2.0.0-p353@rails4/gems/railties-4.0.2/lib/rails/templates/rails/welcome/index.html.erb (1.4ms)
Completed 200 OK in 9ms (Views: 8.8ms | ActiveRecord: 0.0ms)


Started GET "/" for 127.0.0.1 at 2014-07-30 07:47:25 -0600
Processing by Rails::WelcomeController#index as HTML
  Rendered /Users/asriram/.rvm/gems/ruby-2.0.0-p353@rails4/gems/railties-4.0.2/lib/rails/templates/rails/welcome/index.html.erb (0.1ms)
Completed 200 OK in 2ms (Views: 1.5ms | ActiveRecord: 0.0ms)


Started GET "/" for 127.0.0.1 at 2014-07-30 07:47:29 -0600
Processing by Rails::WelcomeController#index as HTML
  Rendered /Users/asriram/.rvm/gems/ruby-2.0.0-p353@rails4/gems/railties-4.0.2/lib/rails/templates/rails/welcome/index.html.erb (0.1ms)
Completed 200 OK in 2ms (Views: 1.6ms | ActiveRecord: 0.0ms)


Started GET "/" for 127.0.0.1 at 2014-07-30 07:48:34 -0600

ActionController::RoutingError (uninitialized constant ResumeController):
  activesupport (4.0.2) lib/active_support/inflector/methods.rb:226:in `const_get'
  activesupport (4.0.2) lib/active_support/inflector/methods.rb:226:in `block in constantize'
  activesupport (4.0.2) lib/active_support/inflector/methods.rb:224:in `each'
  activesupport (4.0.2) lib/active_support/inflector/methods.rb:224:in `inject'
  activesupport (4.0.2) lib/active_support/inflector/methods.rb:224:in `constantize'
  actionpack (4.0.2) lib/action_dispatch/routing/route_set.rb:76:in `controller_reference'
  actionpack (4.0.2) lib/action_dispatch/routing/route_set.rb:66:in `controller'
  actionpack (4.0.2) lib/action_dispatch/routing/route_set.rb:44:in `call'
  actionpack (4.0.2) lib/action_dispatch/journey/router.rb:71:in `block in call'
  actionpack (4.0.2) lib/action_dispatch/journey/router.rb:59:in `each'
  actionpack (4.0.2) lib/action_dispatch/journey/router.rb:59:in `call'
  actionpack (4.0.2) lib/action_dispatch/routing/route_set.rb:680:in `call'
  rack (1.5.2) lib/rack/etag.rb:23:in `call'
  rack (1.5.2) lib/rack/conditionalget.rb:25:in `call'
  rack (1.5.2) lib/rack/head.rb:11:in `call'
  actionpack (4.0.2) lib/action_dispatch/middleware/params_parser.rb:27:in `call'
  actionpack (4.0.2) lib/action_dispatch/middleware/flash.rb:241:in `call'
  rack (1.5.2) lib/rack/session/abstract/id.rb:225:in `context'
  rack (1.5.2) lib/rack/session/abstract/id.rb:220:in `call'
  actionpack (4.0.2) lib/action_dispatch/middleware/cookies.rb:486:in `call'
  activerecord (4.0.2) lib/active_record/query_cache.rb:36:in `call'
  activerecord (4.0.2) lib/active_record/connection_adapters/abstract/connection_pool.rb:626:in `call'
  activerecord (4.0.2) lib/active_record/migration.rb:369:in `call'
  actionpack (4.0.2) lib/action_dispatch/middleware/callbacks.rb:29:in `block in call'
  activesupport (4.0.2) lib/active_support/callbacks.rb:373:in `_run__1687522767446726775__call__callbacks'
  activesupport (4.0.2) lib/active_support/callbacks.rb:80:in `run_callbacks'
  actionpack (4.0.2) lib/action_dispatch/middleware/callbacks.rb:27:in `call'
  actionpack (4.0.2) lib/action_dispatch/middleware/reloader.rb:64:in `call'
  actionpack (4.0.2) lib/action_dispatch/middleware/remote_ip.rb:76:in `call'
  actionpack (4.0.2) lib/action_dispatch/middleware/debug_exceptions.rb:17:in `call'
  actionpack (4.0.2) lib/action_dispatch/middleware/show_exceptions.rb:30:in `call'
  railties (4.0.2) lib/rails/rack/logger.rb:38:in `call_app'
  railties (4.0.2) lib/rails/rack/logger.rb:20:in `block in call'
  activesupport (4.0.2) lib/active_support/tagged_logging.rb:67:in `block in tagged'
  activesupport (4.0.2) lib/active_support/tagged_logging.rb:25:in `tagged'
  activesupport (4.0.2) lib/active_support/tagged_logging.rb:67:in `tagged'
  railties (4.0.2) lib/rails/rack/logger.rb:20:in `call'
  actionpack (4.0.2) lib/action_dispatch/middleware/request_id.rb:21:in `call'
  rack (1.5.2) lib/rack/methodoverride.rb:21:in `call'
  rack (1.5.2) lib/rack/runtime.rb:17:in `call'
  activesupport (4.0.2) lib/active_support/cache/strategy/local_cache.rb:83:in `call'
  rack (1.5.2) lib/rack/lock.rb:17:in `call'
  actionpack (4.0.2) lib/action_dispatch/middleware/static.rb:64:in `call'
  rack (1.5.2) lib/rack/sendfile.rb:112:in `call'
  railties (4.0.2) lib/rails/engine.rb:511:in `call'
  railties (4.0.2) lib/rails/application.rb:97:in `call'
  rack (1.5.2) lib/rack/lock.rb:17:in `call'
  rack (1.5.2) lib/rack/content_length.rb:14:in `call'
  rack (1.5.2) lib/rack/handler/webrick.rb:60:in `service'
  /Users/asriram/.rvm/rubies/ruby-2.0.0-p353/lib/ruby/2.0.0/webrick/httpserver.rb:138:in `service'
  /Users/asriram/.rvm/rubies/ruby-2.0.0-p353/lib/ruby/2.0.0/webrick/httpserver.rb:94:in `run'
  /Users/asriram/.rvm/rubies/ruby-2.0.0-p353/lib/ruby/2.0.0/webrick/server.rb:295:in `block in start_thread'


  Rendered /Users/asriram/.rvm/gems/ruby-2.0.0-p353@rails4/gems/actionpack-4.0.2/lib/action_dispatch/middleware/templates/rescues/_trace.erb (1.1ms)
  Rendered /Users/asriram/.rvm/gems/ruby-2.0.0-p353@rails4/gems/actionpack-4.0.2/lib/action_dispatch/middleware/templates/routes/_route.html.erb (1.1ms)
  Rendered /Users/asriram/.rvm/gems/ruby-2.0.0-p353@rails4/gems/actionpack-4.0.2/lib/action_dispatch/middleware/templates/routes/_table.html.erb (3.0ms)
  Rendered /Users/asriram/.rvm/gems/ruby-2.0.0-p353@rails4/gems/actionpack-4.0.2/lib/action_dispatch/middleware/templates/rescues/routing_error.erb within rescues/layout (28.3ms)


Started GET "/" for 127.0.0.1 at 2014-07-30 07:53:43 -0600
Processing by ResumeController#index as HTML
Completed 500 Internal Server Error in 5ms

ActionView::MissingTemplate (Missing template resume/index, application/index with {:locale=>[:en], :formats=>[:html], :handlers=>[:erb, :builder, :raw, :ruby, :jbuilder, :coffee]}. Searched in:
  * "/Users/asriram/Development/apps/resume-app/app/views"
):
  actionpack (4.0.2) lib/action_view/path_set.rb:46:in `find'
  actionpack (4.0.2) lib/action_view/lookup_context.rb:122:in `find'
  actionpack (4.0.2) lib/action_view/renderer/abstract_renderer.rb:18:in `find_template'
  actionpack (4.0.2) lib/action_view/renderer/template_renderer.rb:35:in `determine_template'
  actionpack (4.0.2) lib/action_view/renderer/template_renderer.rb:8:in `render'
  actionpack (4.0.2) lib/action_view/renderer/renderer.rb:42:in `render_template'
  actionpack (4.0.2) lib/action_view/renderer/renderer.rb:23:in `render'
  actionpack (4.0.2) lib/abstract_controller/rendering.rb:127:in `_render_template'
  actionpack (4.0.2) lib/action_controller/metal/streaming.rb:219:in `_render_template'
  actionpack (4.0.2) lib/abstract_controller/rendering.rb:120:in `render_to_body'
  actionpack (4.0.2) lib/action_controller/metal/rendering.rb:33:in `render_to_body'
  actionpack (4.0.2) lib/action_controller/metal/renderers.rb:26:in `render_to_body'
  actionpack (4.0.2) lib/abstract_controller/rendering.rb:97:in `render'
  actionpack (4.0.2) lib/action_controller/metal/rendering.rb:16:in `render'
  actionpack (4.0.2) lib/action_controller/metal/instrumentation.rb:41:in `block (2 levels) in render'
  activesupport (4.0.2) lib/active_support/core_ext/benchmark.rb:12:in `block in ms'
  /Users/asriram/.rvm/rubies/ruby-2.0.0-p353/lib/ruby/2.0.0/benchmark.rb:296:in `realtime'
  activesupport (4.0.2) lib/active_support/core_ext/benchmark.rb:12:in `ms'
  actionpack (4.0.2) lib/action_controller/metal/instrumentation.rb:41:in `block in render'
  actionpack (4.0.2) lib/action_controller/metal/instrumentation.rb:84:in `cleanup_view_runtime'
  activerecord (4.0.2) lib/active_record/railties/controller_runtime.rb:25:in `cleanup_view_runtime'
  actionpack (4.0.2) lib/action_controller/metal/instrumentation.rb:40:in `render'
  actionpack (4.0.2) lib/action_controller/metal/implicit_render.rb:10:in `default_render'
  actionpack (4.0.2) lib/action_controller/metal/implicit_render.rb:5:in `send_action'
  actionpack (4.0.2) lib/abstract_controller/base.rb:189:in `process_action'
  actionpack (4.0.2) lib/action_controller/metal/rendering.rb:10:in `process_action'
  actionpack (4.0.2) lib/abstract_controller/callbacks.rb:18:in `block in process_action'
  activesupport (4.0.2) lib/active_support/callbacks.rb:403:in `_run__2086186432325351945__process_action__callbacks'
  activesupport (4.0.2) lib/active_support/callbacks.rb:80:in `run_callbacks'
  actionpack (4.0.2) lib/abstract_controller/callbacks.rb:17:in `process_action'
  actionpack (4.0.2) lib/action_controller/metal/rescue.rb:29:in `process_action'
  actionpack (4.0.2) lib/action_controller/metal/instrumentation.rb:31:in `block in process_action'
  activesupport (4.0.2) lib/active_support/notifications.rb:159:in `block in instrument'
  activesupport (4.0.2) lib/active_support/notifications/instrumenter.rb:20:in `instrument'
  activesupport (4.0.2) lib/active_support/notifications.rb:159:in `instrument'
  actionpack (4.0.2) lib/action_controller/metal/instrumentation.rb:30:in `process_action'
  actionpack (4.0.2) lib/action_controller/metal/params_wrapper.rb:245:in `process_action'
  activerecord (4.0.2) lib/active_record/railties/controller_runtime.rb:18:in `process_action'
  actionpack (4.0.2) lib/abstract_controller/base.rb:136:in `process'
  actionpack (4.0.2) lib/abstract_controller/rendering.rb:44:in `process'
  actionpack (4.0.2) lib/action_controller/metal.rb:195:in `dispatch'
  actionpack (4.0.2) lib/action_controller/metal/rack_delegation.rb:13:in `dispatch'
  actionpack (4.0.2) lib/action_controller/metal.rb:231:in `block in action'
  actionpack (4.0.2) lib/action_dispatch/routing/route_set.rb:80:in `call'
  actionpack (4.0.2) lib/action_dispatch/routing/route_set.rb:80:in `dispatch'
  actionpack (4.0.2) lib/action_dispatch/routing/route_set.rb:48:in `call'
  actionpack (4.0.2) lib/action_dispatch/journey/router.rb:71:in `block in call'
  actionpack (4.0.2) lib/action_dispatch/journey/router.rb:59:in `each'
  actionpack (4.0.2) lib/action_dispatch/journey/router.rb:59:in `call'
  actionpack (4.0.2) lib/action_dispatch/routing/route_set.rb:680:in `call'
  rack (1.5.2) lib/rack/etag.rb:23:in `call'
  rack (1.5.2) lib/rack/conditionalget.rb:25:in `call'
  rack (1.5.2) lib/rack/head.rb:11:in `call'
  actionpack (4.0.2) lib/action_dispatch/middleware/params_parser.rb:27:in `call'
  actionpack (4.0.2) lib/action_dispatch/middleware/flash.rb:241:in `call'
  rack (1.5.2) lib/rack/session/abstract/id.rb:225:in `context'
  rack (1.5.2) lib/rack/session/abstract/id.rb:220:in `call'
  actionpack (4.0.2) lib/action_dispatch/middleware/cookies.rb:486:in `call'
  activerecord (4.0.2) lib/active_record/query_cache.rb:36:in `call'
  activerecord (4.0.2) lib/active_record/connection_adapters/abstract/connection_pool.rb:626:in `call'
  activerecord (4.0.2) lib/active_record/migration.rb:369:in `call'
  actionpack (4.0.2) lib/action_dispatch/middleware/callbacks.rb:29:in `block in call'
  activesupport (4.0.2) lib/active_support/callbacks.rb:373:in `_run__1687522767446726775__call__callbacks'
  activesupport (4.0.2) lib/active_support/callbacks.rb:80:in `run_callbacks'
  actionpack (4.0.2) lib/action_dispatch/middleware/callbacks.rb:27:in `call'
  actionpack (4.0.2) lib/action_dispatch/middleware/reloader.rb:64:in `call'
  actionpack (4.0.2) lib/action_dispatch/middleware/remote_ip.rb:76:in `call'
  actionpack (4.0.2) lib/action_dispatch/middleware/debug_exceptions.rb:17:in `call'
  actionpack (4.0.2) lib/action_dispatch/middleware/show_exceptions.rb:30:in `call'
  railties (4.0.2) lib/rails/rack/logger.rb:38:in `call_app'
  railties (4.0.2) lib/rails/rack/logger.rb:20:in `block in call'
  activesupport (4.0.2) lib/active_support/tagged_logging.rb:67:in `block in tagged'
  activesupport (4.0.2) lib/active_support/tagged_logging.rb:25:in `tagged'
  activesupport (4.0.2) lib/active_support/tagged_logging.rb:67:in `tagged'
  railties (4.0.2) lib/rails/rack/logger.rb:20:in `call'
  actionpack (4.0.2) lib/action_dispatch/middleware/request_id.rb:21:in `call'
  rack (1.5.2) lib/rack/methodoverride.rb:21:in `call'
  rack (1.5.2) lib/rack/runtime.rb:17:in `call'
  activesupport (4.0.2) lib/active_support/cache/strategy/local_cache.rb:83:in `call'
  rack (1.5.2) lib/rack/lock.rb:17:in `call'
  actionpack (4.0.2) lib/action_dispatch/middleware/static.rb:64:in `call'
  rack (1.5.2) lib/rack/sendfile.rb:112:in `call'
  railties (4.0.2) lib/rails/engine.rb:511:in `call'
  railties (4.0.2) lib/rails/application.rb:97:in `call'
  rack (1.5.2) lib/rack/lock.rb:17:in `call'
  rack (1.5.2) lib/rack/content_length.rb:14:in `call'
  rack (1.5.2) lib/rack/handler/webrick.rb:60:in `service'
  /Users/asriram/.rvm/rubies/ruby-2.0.0-p353/lib/ruby/2.0.0/webrick/httpserver.rb:138:in `service'
  /Users/asriram/.rvm/rubies/ruby-2.0.0-p353/lib/ruby/2.0.0/webrick/httpserver.rb:94:in `run'
  /Users/asriram/.rvm/rubies/ruby-2.0.0-p353/lib/ruby/2.0.0/webrick/server.rb:295:in `block in start_thread'


  Rendered /Users/asriram/.rvm/gems/ruby-2.0.0-p353@rails4/gems/actionpack-4.0.2/lib/action_dispatch/middleware/templates/rescues/missing_template.erb within rescues/layout (0.5ms)


Started GET "/" for 127.0.0.1 at 2014-07-30 07:54:04 -0600
Processing by ResumeController#index as HTML
  Rendered resume/index.html.erb within layouts/application (0.3ms)
Completed 200 OK in 572ms (Views: 571.6ms | ActiveRecord: 0.0ms)


Started GET "/assets/application.css?body=1" for 127.0.0.1 at 2014-07-30 07:54:05 -0600


Started GET "/assets/jquery_ujs.js?body=1" for 127.0.0.1 at 2014-07-30 07:54:05 -0600


Started GET "/assets/scaffolds.css?body=1" for 127.0.0.1 at 2014-07-30 07:54:05 -0600


Started GET "/assets/turbolinks.js?body=1" for 127.0.0.1 at 2014-07-30 07:54:05 -0600


Started GET "/assets/jquery.js?body=1" for 127.0.0.1 at 2014-07-30 07:54:05 -0600


Started GET "/assets/application.js?body=1" for 127.0.0.1 at 2014-07-30 07:54:05 -0600


Started GET "/" for 127.0.0.1 at 2014-07-30 08:09:58 -0600
Processing by ResumeController#index as HTML
  Rendered resume/index.html.erb within layouts/application (0.1ms)
Completed 500 Internal Server Error in 8ms

ActionView::Template::Error (Missing partial shared/header with {:locale=>[:en], :formats=>[:html], :handlers=>[:erb, :builder, :raw, :ruby, :jbuilder, :coffee]}. Searched in:
  * "/Users/asriram/Development/apps/resume-app/app/views"
):
     8: </head>
     9: <body>
    10: 
    11: <%= render 'shared/header' %>
    12: <%= yield %>
    13: <%= render 'shared/footer' %>
    14: 
  app/views/layouts/application.html.erb:11:in `_app_views_layouts_application_html_erb___3256505305890696301_2162724700'


  Rendered /Users/asriram/.rvm/gems/ruby-2.0.0-p353@rails4/gems/actionpack-4.0.2/lib/action_dispatch/middleware/templates/rescues/_trace.erb (1.4ms)
  Rendered /Users/asriram/.rvm/gems/ruby-2.0.0-p353@rails4/gems/actionpack-4.0.2/lib/action_dispatch/middleware/templates/rescues/_request_and_response.erb (1.4ms)
  Rendered /Users/asriram/.rvm/gems/ruby-2.0.0-p353@rails4/gems/actionpack-4.0.2/lib/action_dispatch/middleware/templates/rescues/template_error.erb within rescues/layout (13.0ms)


Started GET "/" for 127.0.0.1 at 2014-07-30 08:11:57 -0600
Processing by ResumeController#index as HTML
  Rendered resume/index.html.erb within layouts/application (0.0ms)
  Rendered shared/_header.html.erb (0.4ms)
  Rendered shared/_footer.html.erb (0.3ms)
Completed 200 OK in 7ms (Views: 7.0ms | ActiveRecord: 0.0ms)


Started GET "/assets/application.css?body=1" for 127.0.0.1 at 2014-07-30 08:11:57 -0600


Started GET "/assets/jquery.js?body=1" for 127.0.0.1 at 2014-07-30 08:11:57 -0600


Started GET "/assets/scaffolds.css?body=1" for 127.0.0.1 at 2014-07-30 08:11:57 -0600


Started GET "/assets/jquery_ujs.js?body=1" for 127.0.0.1 at 2014-07-30 08:11:57 -0600


Started GET "/assets/application.js?body=1" for 127.0.0.1 at 2014-07-30 08:11:57 -0600


Started GET "/assets/turbolinks.js?body=1" for 127.0.0.1 at 2014-07-30 08:11:57 -0600


Started GET "/" for 127.0.0.1 at 2014-07-30 08:18:10 -0600
Processing by ResumeController#index as HTML
  Rendered resume/index.html.erb within layouts/application (0.1ms)
  Rendered shared/_header.html.erb (0.5ms)
  Rendered shared/_footer.html.erb (0.3ms)
Completed 200 OK in 8ms (Views: 7.4ms | ActiveRecord: 0.0ms)


Started GET "/assets/application.css?body=1" for 127.0.0.1 at 2014-07-30 08:18:10 -0600


Started GET "/assets/scaffolds.css?body=1" for 127.0.0.1 at 2014-07-30 08:18:10 -0600


Started GET "/assets/jquery_ujs.js?body=1" for 127.0.0.1 at 2014-07-30 08:18:10 -0600


Started GET "/assets/jquery.js?body=1" for 127.0.0.1 at 2014-07-30 08:18:10 -0600


Started GET "/assets/application.js?body=1" for 127.0.0.1 at 2014-07-30 08:18:10 -0600


Started GET "/assets/turbolinks.js?body=1" for 127.0.0.1 at 2014-07-30 08:18:10 -0600
